<?xml version="1.0" encoding="UTF-8"?>
<!-- Generated by org.testng.reporters.JUnitReportReporter -->
<testsuite skipped="0" hostname="MYCOMPUTER" name="com.modulr.java.test.eliasbalasis.NoteServiceImplTest" tests="3" failures="0" timestamp="10 Jun 2017 23:45:37 GMT" time="4.435" errors="0">
  <testcase name="translateWithdrawalAmount" time="1.510" classname="com.modulr.java.test.eliasbalasis.NoteServiceImplTest"/>
  <testcase name="translateWithdrawalAmount" time="1.546" classname="com.modulr.java.test.eliasbalasis.NoteServiceImplTest"/>
  <testcase name="translateWithdrawalAmount" time="1.379" classname="com.modulr.java.test.eliasbalasis.NoteServiceImplTest"/>
</testsuite> <!-- com.modulr.java.test.eliasbalasis.NoteServiceImplTest -->
